<?xml version="1.0" encoding="UTF-8"?>
<beans xmlns="http://www.springframework.org/schema/beans"
       xmlns:xsi="http://www.w3.org/2001/XMLSchema-instance" xmlns:util="http://www.springframework.org/schema/util"
       xsi:schemaLocation="http://www.springframework.org/schema/beans http://www.springframework.org/schema/beans/spring-beans.xsd
                        http://www.springframework.org/schema/util  http://www.springframework.org/schema/util/spring-util.xsd">

    <bean id="testFatory" class="blog.customer.Test.TestFactory">
        <property name="config" ref="someconfig"/>
    </bean>

    <util:map id="someconfig">
        <entry key="1">
            <bean class="blog.customer.Dog">
                <constructor-arg value="1"/>
            </bean>
        </entry>
        <entry key="2">
            <bean class="blog.customer.Dog">
                <constructor-arg value="2"/>
            </bean>
        </entry>
        <entry key="3">
            <bean class="blog.customer.Dog">
                <constructor-arg value="3"/>
            </bean>
        </entry>
    </util:map>
</beans>